<?xml version="1.0" encoding="utf-8"?><testsuites><testsuite name="pytest" errors="0" failures="0" skipped="0" tests="4" time="0.365" timestamp="2024-01-11T15:38:44.320935" hostname="NOT-TIS-FAB01"><testcase classname="tests.test_core" name="test_add_beer_to_database" time="0.006" /><testcase classname="tests.test_core" name="test_get_beers_from_database" time="0.005" /><testcase classname="tests.test_factional_api" name="test_create_beer_via_api" time="0.017" /><testcase classname="tests.test_factional_cli" name="test_add_beer" time="0.007" /></testsuite></testsuites>